<?xml version="1.0" encoding="UTF-8"?>
<!-- Generated by org.testng.reporters.JUnitReportReporter -->
<testsuite hostname="DESKTOP-QVKKF6L" failures="0" tests="1" name="test.SettingsLinkTest" time="1.676" errors="0" timestamp="2020-08-08T08:17:53 COT" skipped="0">
  <testcase classname="test.SettingsLinkTest" name="settingsLinkTest" time="1.676"/>
  <system-out/>
</testsuite> <!-- test.SettingsLinkTest -->
